[debug] [2019-03-02T01:37:28.427Z] ----------------------------------------------------------------------
[debug] [2019-03-02T01:37:28.428Z] Command:       /usr/local/Cellar/node/11.10.0/bin/node /usr/local/bin/firebase init
[debug] [2019-03-02T01:37:28.429Z] CLI Version:   6.4.0
[debug] [2019-03-02T01:37:28.429Z] Platform:      darwin
[debug] [2019-03-02T01:37:28.429Z] Node Version:  v11.10.0
[debug] [2019-03-02T01:37:28.429Z] Time:          Fri Mar 01 2019 17:37:28 GMT-0800 (Pacific Standard Time)
[debug] [2019-03-02T01:37:28.430Z] ----------------------------------------------------------------------
[debug] 
[debug] [2019-03-02T01:37:28.435Z] > command requires scopes: ["email","openid","https://www.googleapis.com/auth/cloudplatformprojects.readonly","https://www.googleapis.com/auth/firebase","https://www.googleapis.com/auth/cloud-platform"]
[debug] [2019-03-02T01:37:28.435Z] > authorizing via signed-in user
[info] 
     ######## #### ########  ######## ########     ###     ######  ########
     ##        ##  ##     ## ##       ##     ##  ##   ##  ##       ##
     ######    ##  ########  ######   ########  #########  ######  ######
     ##        ##  ##    ##  ##       ##     ## ##     ##       ## ##
     ##       #### ##     ## ######## ########  ##     ##  ######  ########

You're about to initialize a Firebase project in this directory:

  /Users/alexcho/Documents/EDUCATION/Bloc (Thinkful) Coding Bootcamp 2019/Thinkful Curriculum/React Module/Udemy React/client-panel-react-app

[info] 
=== Project Setup
[info] 
[info] First, let's associate this project directory with a Firebase project.
[info] You can create multiple project aliases by running firebase use --add, 
[info] but for now we'll just set up a default project.
[info] 
[debug] [2019-03-02T01:37:54.769Z] > refreshing access token with scopes: ["email","https://www.googleapis.com/auth/cloud-platform","https://www.googleapis.com/auth/cloudplatformprojects.readonly","https://www.googleapis.com/auth/firebase","openid"]
[debug] [2019-03-02T01:37:54.769Z] >>> HTTP REQUEST POST https://www.googleapis.com/oauth2/v3/token  
 <request body omitted>
[debug] [2019-03-02T01:37:54.969Z] <<< HTTP RESPONSE 200
[debug] [2019-03-02T01:37:54.986Z] >>> HTTP REQUEST GET https://firebase.googleapis.com/v1beta1/projects?page_size=100  
 
[debug] [2019-03-02T01:37:55.424Z] <<< HTTP RESPONSE 200
[info] i  Using project clientpanel-react-app (clientpanel-react-app)
[info] 
=== Firestore Setup
[debug] [2019-03-02T01:38:06.455Z] > command requires scopes: ["email","openid","https://www.googleapis.com/auth/cloudplatformprojects.readonly","https://www.googleapis.com/auth/firebase","https://www.googleapis.com/auth/cloud-platform"]
[debug] [2019-03-02T01:38:06.455Z] > authorizing via signed-in user
[debug] [2019-03-02T01:38:06.456Z] >>> HTTP REQUEST GET https://firebase.googleapis.com/v1beta1/projects/clientpanel-react-app  
 
[debug] [2019-03-02T01:38:06.589Z] <<< HTTP RESPONSE 200
[info] 
[info] Firestore Security Rules allow you to define how and when to allow
[info] requests. You can keep these rules in your project directory
[info] and publish them with firebase deploy.
[info] 
[debug] [2019-03-02T01:38:09.778Z] >>> HTTP REQUEST GET https://firebaserules.googleapis.com/v1/projects/clientpanel-react-app/releases  
 
[debug] [2019-03-02T01:38:10.334Z] <<< HTTP RESPONSE 200
[debug] [2019-03-02T01:38:10.335Z] Found ruleset: projects/clientpanel-react-app/rulesets/c532a313-245f-42e6-b9a4-a5bd7193c707
[debug] [2019-03-02T01:38:10.335Z] >>> HTTP REQUEST GET https://firebaserules.googleapis.com/v1/projects/clientpanel-react-app/rulesets/c532a313-245f-42e6-b9a4-a5bd7193c707  
 
[debug] [2019-03-02T01:38:10.671Z] <<< HTTP RESPONSE 200
[info] 
[info] Firestore indexes allow you to perform complex queries while
[info] maintaining performance that scales with the size of the result
[info] set. You can keep index definitions in your project directory
[info] and publish them with firebase deploy.
[info] 
[debug] [2019-03-02T01:38:26.455Z] >>> HTTP REQUEST GET https://firestore.googleapis.com/v1beta2/projects/clientpanel-react-app/databases/(default)/collectionGroups/-/indexes  
 
[debug] [2019-03-02T01:38:26.455Z] >>> HTTP REQUEST GET https://firestore.googleapis.com/v1beta2/projects/clientpanel-react-app/databases/(default)/collectionGroups/-/fields?filter=indexConfig.usesAncestorConfig=false  
 
[debug] [2019-03-02T01:38:26.895Z] <<< HTTP RESPONSE 200
[debug] [2019-03-02T01:38:26.937Z] <<< HTTP RESPONSE 200
[info] 
=== Hosting Setup
[info] 
[info] Your public directory is the folder (relative to your project directory) that
[info] will contain Hosting assets to be uploaded with firebase deploy. If you
[info] have a build process for your assets, use your build's output directory.
[info] 
[debug] [2019-03-02T01:38:31.331Z] >>> HTTP REQUEST GET https://www.gstatic.com/firebasejs/releases.json  
 
[debug] [2019-03-02T01:38:31.403Z] <<< HTTP RESPONSE 200
[debug] [2019-03-02T01:38:31.472Z] Error: ENOTDIR: not a directory, open '/Users/alexcho/Documents/EDUCATION/Bloc (Thinkful) Coding Bootcamp 2019/Thinkful Curriculum/React Module/Udemy React/client-panel-react-app/build/index.html'
    at Object.openSync (fs.js:448:3)
    at Object.writeFileSync (fs.js:1210:35)
    at Object.createFileSync (/usr/local/lib/node_modules/firebase-tools/node_modules/fs-extra/lib/ensure/file.js:34:6)
    at Config.writeProjectFile (/usr/local/lib/node_modules/firebase-tools/lib/config.js:160:8)
    at /usr/local/lib/node_modules/firebase-tools/lib/config.js:179:18
    at processTicksAndRejections (internal/process/next_tick.js:81:5)
[error] 
[error] Error: An unexpected error has occurred.
